<?xml version="1.0" encoding="UTF-8"?>
<!-- Generated by org.testng.reporters.JUnitReportReporter -->
<testsuite hostname="saurapie" failures="0" tests="5" name="com.paris.tests.ArticleTest" time="126.746" errors="0" timestamp="2025-03-23T15:38:33 IST" skipped="0">
  <testcase classname="com.paris.tests.ArticleTest" name="testArticleScrapingAndTranslation" time="13.694"/>
  <testcase classname="com.paris.tests.ArticleTest" name="testArticleScrapingAndTranslation" time="43.226"/>
  <testcase classname="com.paris.tests.ArticleTest" name="testArticleScrapingAndTranslation" time="16.387"/>
  <testcase classname="com.paris.tests.ArticleTest" name="testArticleScrapingAndTranslation" time="38.290"/>
  <testcase classname="com.paris.tests.ArticleTest" name="testArticleScrapingAndTranslation" time="15.149"/>
</testsuite> <!-- com.paris.tests.ArticleTest -->
